file /home/nick/gini2/SConstruct,line 27:
	Configure(confdir = .sconf_temp)
scons: Configure: Checking for C library slack... 
.sconf_temp/conftest_0.c <-
  |
  |
  |
  |int
  |main() {
  |  
  |return 0;
  |}
  |
gcc -o .sconf_temp/conftest_0.o -c .sconf_temp/conftest_0.c
gcc -o .sconf_temp/conftest_0 .sconf_temp/conftest_0.o -lslack
scons: Configure: yes

scons: Configure: Checking for C library readline... 
.sconf_temp/conftest_1.c <-
  |
  |
  |
  |int
  |main() {
  |  
  |return 0;
  |}
  |
gcc -o .sconf_temp/conftest_1.o -c .sconf_temp/conftest_1.c
gcc -o .sconf_temp/conftest_1 .sconf_temp/conftest_1.o -lslack -lreadline
scons: Configure: yes

scons: Configure: Checking for C library pthread... 
.sconf_temp/conftest_2.c <-
  |
  |
  |
  |int
  |main() {
  |  
  |return 0;
  |}
  |
gcc -o .sconf_temp/conftest_2.o -c .sconf_temp/conftest_2.c
gcc -o .sconf_temp/conftest_2 .sconf_temp/conftest_2.o -lslack -lreadline -lpthread
scons: Configure: yes


